[2022-06-03 20:03:33,459] INFO [GroupCoordinator 0]: Dynamic member with unknown member id joins group console-consumer-74717 in Empty state. Created a new member id console-consumer-67e53c45-118f-4068-8145-24889b58bfc2 and request the member to rejoin with this id. (kafka.coordinator.group.GroupCoordinator)
[2022-06-03 20:03:33,462] INFO [GroupCoordinator 0]: Preparing to rebalance group console-consumer-74717 in state PreparingRebalance with old generation 0 (__consumer_offsets-17) (reason: Adding new member console-consumer-67e53c45-118f-4068-8145-24889b58bfc2 with group instance id None; client reason: rebalance failed due to 'The group member needs to have a valid member id before actually entering a consumer group.' (MemberIdRequiredException)) (kafka.coordinator.group.GroupCoordinator)
[2022-06-03 20:03:33,463] INFO [GroupCoordinator 0]: Stabilized group console-consumer-74717 generation 1 (__consumer_offsets-17) with 1 members (kafka.coordinator.group.GroupCoordinator)
[2022-06-03 20:03:33,468] INFO [GroupCoordinator 0]: Assignment received from leader console-consumer-67e53c45-118f-4068-8145-24889b58bfc2 for group console-consumer-74717 for generation 1. The group has 1 members, 0 of which are static. (kafka.coordinator.group.GroupCoordinator)
[2022-06-03 20:03:35,494] INFO [GroupCoordinator 0]: Preparing to rebalance group console-consumer-74717 in state PreparingRebalance with old generation 1 (__consumer_offsets-17) (reason: Removing member console-consumer-67e53c45-118f-4068-8145-24889b58bfc2 on LeaveGroup; client reason: the consumer is being closed) (kafka.coordinator.group.GroupCoordinator)
[2022-06-03 20:03:35,494] INFO [GroupCoordinator 0]: Group console-consumer-74717 with generation 2 is now empty (__consumer_offsets-17) (kafka.coordinator.group.GroupCoordinator)
[2022-06-03 20:03:35,496] INFO [GroupCoordinator 0]: Member MemberMetadata(memberId=console-consumer-67e53c45-118f-4068-8145-24889b58bfc2, groupInstanceId=None, clientId=console-consumer, clientHost=/127.0.0.1, sessionTimeoutMs=45000, rebalanceTimeoutMs=300000, supportedProtocols=List(range, cooperative-sticky)) has left group console-consumer-74717 through explicit `LeaveGroup`; client reason: the consumer is being closed (kafka.coordinator.group.GroupCoordinator)
[2022-06-03 20:07:09,797] INFO [GroupMetadataManager brokerId=0] Group console-consumer-74717 transitioned to Dead in generation 2 (kafka.coordinator.group.GroupMetadataManager)
[2022-06-03 20:17:21,870] INFO [GroupCoordinator 0]: Dynamic Member with unknown member id joins group group1 in Empty state. Created a new member id kafka-python-2.0.2-b6e8c8ad-1965-491a-8e3e-c1df6ce074be for this member and add to the group. (kafka.coordinator.group.GroupCoordinator)
[2022-06-03 20:17:21,871] INFO [GroupCoordinator 0]: Preparing to rebalance group group1 in state PreparingRebalance with old generation 0 (__consumer_offsets-40) (reason: Adding new member kafka-python-2.0.2-b6e8c8ad-1965-491a-8e3e-c1df6ce074be with group instance id None; client reason: not provided) (kafka.coordinator.group.GroupCoordinator)
[2022-06-03 20:17:21,873] INFO [GroupCoordinator 0]: Stabilized group group1 generation 1 (__consumer_offsets-40) with 1 members (kafka.coordinator.group.GroupCoordinator)
[2022-06-03 20:17:21,878] INFO [GroupCoordinator 0]: Assignment received from leader kafka-python-2.0.2-b6e8c8ad-1965-491a-8e3e-c1df6ce074be for group group1 for generation 1. The group has 1 members, 0 of which are static. (kafka.coordinator.group.GroupCoordinator)
[2022-06-03 20:21:36,481] INFO [GroupCoordinator 0]: Member kafka-python-2.0.2-b6e8c8ad-1965-491a-8e3e-c1df6ce074be in group group1 has failed, removing it from the group (kafka.coordinator.group.GroupCoordinator)
[2022-06-03 20:21:36,482] INFO [GroupCoordinator 0]: Preparing to rebalance group group1 in state PreparingRebalance with old generation 1 (__consumer_offsets-40) (reason: removing member kafka-python-2.0.2-b6e8c8ad-1965-491a-8e3e-c1df6ce074be on heartbeat expiration) (kafka.coordinator.group.GroupCoordinator)
[2022-06-03 20:21:36,482] INFO [GroupCoordinator 0]: Group group1 with generation 2 is now empty (__consumer_offsets-40) (kafka.coordinator.group.GroupCoordinator)
[2022-06-03 20:33:34,894] INFO Terminating process due to signal SIGINT (org.apache.kafka.common.utils.LoggingSignalHandler)
[2022-06-03 20:33:34,900] INFO [KafkaServer id=0] shutting down (kafka.server.KafkaServer)
[2022-06-03 20:33:34,902] INFO [KafkaServer id=0] Starting controlled shutdown (kafka.server.KafkaServer)
[2022-06-03 20:33:34,997] INFO [KafkaServer id=0] Controlled shutdown request returned successfully after 70ms (kafka.server.KafkaServer)
[2022-06-03 20:33:35,017] INFO [/config/changes-event-process-thread]: Shutting down (kafka.common.ZkNodeChangeNotificationListener$ChangeEventProcessThread)
[2022-06-03 20:33:35,020] INFO [/config/changes-event-process-thread]: Shutdown completed (kafka.common.ZkNodeChangeNotificationListener$ChangeEventProcessThread)
[2022-06-03 20:33:35,020] INFO [/config/changes-event-process-thread]: Stopped (kafka.common.ZkNodeChangeNotificationListener$ChangeEventProcessThread)
[2022-06-03 20:33:35,024] INFO [SocketServer listenerType=ZK_BROKER, nodeId=0] Stopping socket server request processors (kafka.network.SocketServer)
[2022-06-03 20:33:35,060] INFO [SocketServer listenerType=ZK_BROKER, nodeId=0] Stopped socket server request processors (kafka.network.SocketServer)
[2022-06-03 20:33:35,062] INFO [data-plane Kafka Request Handler on Broker 0], shutting down (kafka.server.KafkaRequestHandlerPool)
[2022-06-03 20:33:35,070] INFO [data-plane Kafka Request Handler on Broker 0], shut down completely (kafka.server.KafkaRequestHandlerPool)
[2022-06-03 20:33:35,095] INFO [ExpirationReaper-0-AlterAcls]: Shutting down (kafka.server.DelayedOperationPurgatory$ExpiredOperationReaper)
[2022-06-03 20:33:35,108] INFO [ExpirationReaper-0-AlterAcls]: Stopped (kafka.server.DelayedOperationPurgatory$ExpiredOperationReaper)
[2022-06-03 20:33:35,112] INFO [ExpirationReaper-0-AlterAcls]: Shutdown completed (kafka.server.DelayedOperationPurgatory$ExpiredOperationReaper)
[2022-06-03 20:33:35,115] INFO [KafkaApi-0] Shutdown complete. (kafka.server.KafkaApis)
[2022-06-03 20:33:35,137] INFO [ExpirationReaper-0-topic]: Shutting down (kafka.server.DelayedOperationPurgatory$ExpiredOperationReaper)
[2022-06-03 20:33:35,140] INFO [ExpirationReaper-0-topic]: Stopped (kafka.server.DelayedOperationPurgatory$ExpiredOperationReaper)
[2022-06-03 20:33:35,140] INFO [ExpirationReaper-0-topic]: Shutdown completed (kafka.server.DelayedOperationPurgatory$ExpiredOperationReaper)
[2022-06-03 20:33:35,157] INFO [TransactionCoordinator id=0] Shutting down. (kafka.coordinator.transaction.TransactionCoordinator)
[2022-06-03 20:33:35,162] INFO [Transaction State Manager 0]: Shutdown complete (kafka.coordinator.transaction.TransactionStateManager)
[2022-06-03 20:33:35,163] INFO [Transaction Marker Channel Manager 0]: Shutting down (kafka.coordinator.transaction.TransactionMarkerChannelManager)
[2022-06-03 20:33:35,163] INFO [Transaction Marker Channel Manager 0]: Stopped (kafka.coordinator.transaction.TransactionMarkerChannelManager)
[2022-06-03 20:33:35,163] INFO [Transaction Marker Channel Manager 0]: Shutdown completed (kafka.coordinator.transaction.TransactionMarkerChannelManager)
[2022-06-03 20:33:35,166] INFO [TransactionCoordinator id=0] Shutdown complete. (kafka.coordinator.transaction.TransactionCoordinator)
[2022-06-03 20:33:35,168] INFO [GroupCoordinator 0]: Shutting down. (kafka.coordinator.group.GroupCoordinator)
[2022-06-03 20:33:35,169] INFO [ExpirationReaper-0-Heartbeat]: Shutting down (kafka.server.DelayedOperationPurgatory$ExpiredOperationReaper)
[2022-06-03 20:33:35,170] INFO [ExpirationReaper-0-Heartbeat]: Stopped (kafka.server.DelayedOperationPurgatory$ExpiredOperationReaper)
[2022-06-03 20:33:35,170] INFO [ExpirationReaper-0-Heartbeat]: Shutdown completed (kafka.server.DelayedOperationPurgatory$ExpiredOperationReaper)
[2022-06-03 20:33:35,171] INFO [ExpirationReaper-0-Rebalance]: Shutting down (kafka.server.DelayedOperationPurgatory$ExpiredOperationReaper)
[2022-06-03 20:33:35,172] INFO [ExpirationReaper-0-Rebalance]: Stopped (kafka.server.DelayedOperationPurgatory$ExpiredOperationReaper)
[2022-06-03 20:33:35,172] INFO [ExpirationReaper-0-Rebalance]: Shutdown completed (kafka.server.DelayedOperationPurgatory$ExpiredOperationReaper)
[2022-06-03 20:33:35,173] INFO [GroupCoordinator 0]: Shutdown complete. (kafka.coordinator.group.GroupCoordinator)
[2022-06-03 20:33:35,176] INFO [ReplicaManager broker=0] Shutting down (kafka.server.ReplicaManager)
[2022-06-03 20:33:35,177] INFO [LogDirFailureHandler]: Shutting down (kafka.server.ReplicaManager$LogDirFailureHandler)
[2022-06-03 20:33:35,178] INFO [LogDirFailureHandler]: Stopped (kafka.server.ReplicaManager$LogDirFailureHandler)
[2022-06-03 20:33:35,178] INFO [LogDirFailureHandler]: Shutdown completed (kafka.server.ReplicaManager$LogDirFailureHandler)
[2022-06-03 20:33:35,180] INFO [ReplicaFetcherManager on broker 0] shutting down (kafka.server.ReplicaFetcherManager)
[2022-06-03 20:33:35,186] INFO [ReplicaFetcherManager on broker 0] shutdown completed (kafka.server.ReplicaFetcherManager)
[2022-06-03 20:33:35,188] INFO [ReplicaAlterLogDirsManager on broker 0] shutting down (kafka.server.ReplicaAlterLogDirsManager)
[2022-06-03 20:33:35,190] INFO [ReplicaAlterLogDirsManager on broker 0] shutdown completed (kafka.server.ReplicaAlterLogDirsManager)
[2022-06-03 20:33:35,190] INFO [ExpirationReaper-0-Fetch]: Shutting down (kafka.server.DelayedOperationPurgatory$ExpiredOperationReaper)
[2022-06-03 20:33:35,191] INFO [ExpirationReaper-0-Fetch]: Shutdown completed (kafka.server.DelayedOperationPurgatory$ExpiredOperationReaper)
[2022-06-03 20:33:35,191] INFO [ExpirationReaper-0-Fetch]: Stopped (kafka.server.DelayedOperationPurgatory$ExpiredOperationReaper)
[2022-06-03 20:33:35,192] INFO [ExpirationReaper-0-Produce]: Shutting down (kafka.server.DelayedOperationPurgatory$ExpiredOperationReaper)
[2022-06-03 20:33:35,193] INFO [ExpirationReaper-0-Produce]: Stopped (kafka.server.DelayedOperationPurgatory$ExpiredOperationReaper)
[2022-06-03 20:33:35,193] INFO [ExpirationReaper-0-Produce]: Shutdown completed (kafka.server.DelayedOperationPurgatory$ExpiredOperationReaper)
[2022-06-03 20:33:35,194] INFO [ExpirationReaper-0-DeleteRecords]: Shutting down (kafka.server.DelayedOperationPurgatory$ExpiredOperationReaper)
[2022-06-03 20:33:35,195] INFO [ExpirationReaper-0-DeleteRecords]: Stopped (kafka.server.DelayedOperationPurgatory$ExpiredOperationReaper)
[2022-06-03 20:33:35,196] INFO [ExpirationReaper-0-DeleteRecords]: Shutdown completed (kafka.server.DelayedOperationPurgatory$ExpiredOperationReaper)
[2022-06-03 20:33:35,197] INFO [ExpirationReaper-0-ElectLeader]: Shutting down (kafka.server.DelayedOperationPurgatory$ExpiredOperationReaper)
[2022-06-03 20:33:35,199] INFO [ExpirationReaper-0-ElectLeader]: Stopped (kafka.server.DelayedOperationPurgatory$ExpiredOperationReaper)
[2022-06-03 20:33:35,199] INFO [ExpirationReaper-0-ElectLeader]: Shutdown completed (kafka.server.DelayedOperationPurgatory$ExpiredOperationReaper)
[2022-06-03 20:33:35,203] INFO [ReplicaManager broker=0] Shut down completely (kafka.server.ReplicaManager)
[2022-06-03 20:33:35,205] INFO [BrokerToControllerChannelManager broker=0 name=alterPartition]: Shutting down (kafka.server.BrokerToControllerRequestThread)
[2022-06-03 20:33:35,207] INFO [BrokerToControllerChannelManager broker=0 name=alterPartition]: Stopped (kafka.server.BrokerToControllerRequestThread)
[2022-06-03 20:33:35,208] INFO [BrokerToControllerChannelManager broker=0 name=alterPartition]: Shutdown completed (kafka.server.BrokerToControllerRequestThread)
[2022-06-03 20:33:35,220] INFO Broker to controller channel manager for alterPartition shutdown (kafka.server.BrokerToControllerChannelManagerImpl)
[2022-06-03 20:33:35,224] INFO [BrokerToControllerChannelManager broker=0 name=forwarding]: Shutting down (kafka.server.BrokerToControllerRequestThread)
[2022-06-03 20:33:35,225] INFO [BrokerToControllerChannelManager broker=0 name=forwarding]: Stopped (kafka.server.BrokerToControllerRequestThread)
[2022-06-03 20:33:35,227] INFO [BrokerToControllerChannelManager broker=0 name=forwarding]: Shutdown completed (kafka.server.BrokerToControllerRequestThread)
[2022-06-03 20:33:35,229] INFO Broker to controller channel manager for forwarding shutdown (kafka.server.BrokerToControllerChannelManagerImpl)
[2022-06-03 20:33:35,232] INFO Shutting down. (kafka.log.LogManager)
[2022-06-03 20:33:35,301] INFO [ProducerStateManager partition=ID-0] Wrote producer snapshot at offset 1 with 1 producer ids in 8 ms. (kafka.log.ProducerStateManager)
[2022-06-03 20:33:35,313] INFO [ProducerStateManager partition=__consumer_offsets-26] Wrote producer snapshot at offset 3 with 0 producer ids in 0 ms. (kafka.log.ProducerStateManager)
[2022-06-03 20:33:35,329] INFO [ProducerStateManager partition=__consumer_offsets-40] Wrote producer snapshot at offset 50 with 0 producer ids in 1 ms. (kafka.log.ProducerStateManager)
[2022-06-03 20:33:35,334] INFO [ProducerStateManager partition=__consumer_offsets-17] Wrote producer snapshot at offset 3 with 0 producer ids in 0 ms. (kafka.log.ProducerStateManager)
[2022-06-03 20:33:35,384] INFO Shutdown complete. (kafka.log.LogManager)
[2022-06-03 20:33:35,404] INFO [feature-zk-node-event-process-thread]: Shutting down (kafka.server.FinalizedFeatureChangeListener$ChangeNotificationProcessorThread)
[2022-06-03 20:33:35,405] INFO [feature-zk-node-event-process-thread]: Stopped (kafka.server.FinalizedFeatureChangeListener$ChangeNotificationProcessorThread)
[2022-06-03 20:33:35,405] INFO [feature-zk-node-event-process-thread]: Shutdown completed (kafka.server.FinalizedFeatureChangeListener$ChangeNotificationProcessorThread)
[2022-06-03 20:33:35,409] INFO [ZooKeeperClient Kafka server] Closing. (kafka.zookeeper.ZooKeeperClient)
[2022-06-03 20:33:35,522] INFO Session: 0x1000080f38d0000 closed (org.apache.zookeeper.ZooKeeper)
[2022-06-03 20:33:35,522] INFO EventThread shut down for session: 0x1000080f38d0000 (org.apache.zookeeper.ClientCnxn)
[2022-06-03 20:33:35,525] INFO [ZooKeeperClient Kafka server] Closed. (kafka.zookeeper.ZooKeeperClient)
[2022-06-03 20:33:35,526] INFO [ThrottledChannelReaper-Fetch]: Shutting down (kafka.server.ClientQuotaManager$ThrottledChannelReaper)
[2022-06-03 20:33:35,531] INFO [ThrottledChannelReaper-Fetch]: Stopped (kafka.server.ClientQuotaManager$ThrottledChannelReaper)
[2022-06-03 20:33:35,531] INFO [ThrottledChannelReaper-Fetch]: Shutdown completed (kafka.server.ClientQuotaManager$ThrottledChannelReaper)
[2022-06-03 20:33:35,531] INFO [ThrottledChannelReaper-Produce]: Shutting down (kafka.server.ClientQuotaManager$ThrottledChannelReaper)
[2022-06-03 20:33:35,532] INFO [ThrottledChannelReaper-Produce]: Stopped (kafka.server.ClientQuotaManager$ThrottledChannelReaper)
[2022-06-03 20:33:35,532] INFO [ThrottledChannelReaper-Produce]: Shutdown completed (kafka.server.ClientQuotaManager$ThrottledChannelReaper)
[2022-06-03 20:33:35,532] INFO [ThrottledChannelReaper-Request]: Shutting down (kafka.server.ClientQuotaManager$ThrottledChannelReaper)
[2022-06-03 20:33:35,532] INFO [ThrottledChannelReaper-Request]: Stopped (kafka.server.ClientQuotaManager$ThrottledChannelReaper)
[2022-06-03 20:33:35,532] INFO [ThrottledChannelReaper-Request]: Shutdown completed (kafka.server.ClientQuotaManager$ThrottledChannelReaper)
[2022-06-03 20:33:35,532] INFO [ThrottledChannelReaper-ControllerMutation]: Shutting down (kafka.server.ClientQuotaManager$ThrottledChannelReaper)
[2022-06-03 20:33:35,532] INFO [ThrottledChannelReaper-ControllerMutation]: Stopped (kafka.server.ClientQuotaManager$ThrottledChannelReaper)
[2022-06-03 20:33:35,532] INFO [ThrottledChannelReaper-ControllerMutation]: Shutdown completed (kafka.server.ClientQuotaManager$ThrottledChannelReaper)
[2022-06-03 20:33:35,535] INFO [SocketServer listenerType=ZK_BROKER, nodeId=0] Shutting down socket server (kafka.network.SocketServer)
[2022-06-03 20:33:35,590] INFO [SocketServer listenerType=ZK_BROKER, nodeId=0] Shutdown completed (kafka.network.SocketServer)
[2022-06-03 20:33:35,593] INFO Metrics scheduler closed (org.apache.kafka.common.metrics.Metrics)
[2022-06-03 20:33:35,593] INFO Closing reporter org.apache.kafka.common.metrics.JmxReporter (org.apache.kafka.common.metrics.Metrics)
[2022-06-03 20:33:35,594] INFO Metrics reporters closed (org.apache.kafka.common.metrics.Metrics)
[2022-06-03 20:33:35,600] INFO Broker and topic stats closed (kafka.server.BrokerTopicStats)
[2022-06-03 20:33:35,604] INFO App info kafka.server for 0 unregistered (org.apache.kafka.common.utils.AppInfoParser)
[2022-06-03 20:33:35,606] INFO [KafkaServer id=0] shut down completed (kafka.server.KafkaServer)
